Analysis & Synthesis report for SMLock
Wed May 27 10:35:10 2020
Quartus Prime Version 17.1.0 Build 590 10/25/2017 SJ Lite Edition


---------------------
; Table of Contents ;
---------------------
  1. Legal Notice
  2. Analysis & Synthesis Summary
  3. Analysis & Synthesis Settings
  4. Parallel Compilation
  5. Analysis & Synthesis Source Files Read
  6. Analysis & Synthesis Resource Usage Summary
  7. Analysis & Synthesis Resource Utilization by Entity
  8. State Machine - |Pin_Verify|savestate
  9. State Machine - |Pin_Verify|state
 10. Registers Removed During Synthesis
 11. Removed Registers Triggering Further Register Optimizations
 12. General Register Statistics
 13. Inverted Register Statistics
 14. Multiplexer Restructuring Statistics (Restructuring Performed)
 15. Parameter Settings for User Entity Instance: b_test:Button_Check|freq_div:fd1
 16. Parameter Settings for User Entity Instance: b_test:Button_Check|Button_DB:Button0|freq_div:fd1
 17. Parameter Settings for User Entity Instance: b_test:Button_Check|Button_DB:Button1|freq_div:fd1
 18. Parameter Settings for User Entity Instance: b_test:Button_Check|Button_DB:Button2|freq_div:fd1
 19. Parameter Settings for User Entity Instance: b_test:Button_Check|Button_DB:Button3|freq_div:fd1
 20. Parameter Settings for User Entity Instance: seg7:Segment_Display|freq_div:fd1
 21. Port Connectivity Checks: "seg7:Segment_Display"
 22. Post-Synthesis Netlist Statistics for Top Partition
 23. Elapsed Time Per Partition
 24. Analysis & Synthesis Messages



----------------
; Legal Notice ;
----------------
Copyright (C) 2017  Intel Corporation. All rights reserved.
Your use of Intel Corporation's design tools, logic functions 
and other software and tools, and its AMPP partner logic 
functions, and any output files from any of the foregoing 
(including device programming or simulation files), and any 
associated documentation or information are expressly subject 
to the terms and conditions of the Intel Program License 
Subscription Agreement, the Intel Quartus Prime License Agreement,
the Intel FPGA IP License Agreement, or other applicable license
agreement, including, without limitation, that your use is for
the sole purpose of programming logic devices manufactured by
Intel and sold by Intel or its authorized distributors.  Please
refer to the applicable agreement for further details.



+-------------------------------------------------------------------------------+
; Analysis & Synthesis Summary                                                  ;
+---------------------------------+---------------------------------------------+
; Analysis & Synthesis Status     ; Successful - Wed May 27 10:35:10 2020       ;
; Quartus Prime Version           ; 17.1.0 Build 590 10/25/2017 SJ Lite Edition ;
; Revision Name                   ; SMLock                                      ;
; Top-level Entity Name           ; Pin_Verify                                  ;
; Family                          ; Cyclone V                                   ;
; Logic utilization (in ALMs)     ; N/A                                         ;
; Total registers                 ; 315                                         ;
; Total pins                      ; 56                                          ;
; Total virtual pins              ; 0                                           ;
; Total block memory bits         ; 0                                           ;
; Total DSP Blocks                ; 0                                           ;
; Total HSSI RX PCSs              ; 0                                           ;
; Total HSSI PMA RX Deserializers ; 0                                           ;
; Total HSSI TX PCSs              ; 0                                           ;
; Total HSSI PMA TX Serializers   ; 0                                           ;
; Total PLLs                      ; 0                                           ;
; Total DLLs                      ; 0                                           ;
+---------------------------------+---------------------------------------------+


+---------------------------------------------------------------------------------------------------------------------------+
; Analysis & Synthesis Settings                                                                                             ;
+---------------------------------------------------------------------------------+--------------------+--------------------+
; Option                                                                          ; Setting            ; Default Value      ;
+---------------------------------------------------------------------------------+--------------------+--------------------+
; Device                                                                          ; 5CSEMA5F31C6       ;                    ;
; Top-level entity name                                                           ; Pin_Verify         ; SMLock             ;
; Family name                                                                     ; Cyclone V          ; Cyclone V          ;
; Use smart compilation                                                           ; Off                ; Off                ;
; Enable parallel Assembler and TimeQuest Timing Analyzer during compilation      ; On                 ; On                 ;
; Enable compact report table                                                     ; Off                ; Off                ;
; Restructure Multiplexers                                                        ; Auto               ; Auto               ;
; MLAB Add Timing Constraints For Mixed-Port Feed-Through Mode Setting Don't Care ; Off                ; Off                ;
; Create Debugging Nodes for IP Cores                                             ; Off                ; Off                ;
; Preserve fewer node names                                                       ; On                 ; On                 ;
; Intel FPGA IP Evaluation Mode                                                   ; Enable             ; Enable             ;
; Verilog Version                                                                 ; Verilog_2001       ; Verilog_2001       ;
; VHDL Version                                                                    ; VHDL_1993          ; VHDL_1993          ;
; State Machine Processing                                                        ; Auto               ; Auto               ;
; Safe State Machine                                                              ; Off                ; Off                ;
; Extract Verilog State Machines                                                  ; On                 ; On                 ;
; Extract VHDL State Machines                                                     ; On                 ; On                 ;
; Ignore Verilog initial constructs                                               ; Off                ; Off                ;
; Iteration limit for constant Verilog loops                                      ; 5000               ; 5000               ;
; Iteration limit for non-constant Verilog loops                                  ; 250                ; 250                ;
; Add Pass-Through Logic to Inferred RAMs                                         ; On                 ; On                 ;
; Infer RAMs from Raw Logic                                                       ; On                 ; On                 ;
; Parallel Synthesis                                                              ; On                 ; On                 ;
; DSP Block Balancing                                                             ; Auto               ; Auto               ;
; NOT Gate Push-Back                                                              ; On                 ; On                 ;
; Power-Up Don't Care                                                             ; On                 ; On                 ;
; Remove Redundant Logic Cells                                                    ; Off                ; Off                ;
; Remove Duplicate Registers                                                      ; On                 ; On                 ;
; Ignore CARRY Buffers                                                            ; Off                ; Off                ;
; Ignore CASCADE Buffers                                                          ; Off                ; Off                ;
; Ignore GLOBAL Buffers                                                           ; Off                ; Off                ;
; Ignore ROW GLOBAL Buffers                                                       ; Off                ; Off                ;
; Ignore LCELL Buffers                                                            ; Off                ; Off                ;
; Ignore SOFT Buffers                                                             ; On                 ; On                 ;
; Limit AHDL Integers to 32 Bits                                                  ; Off                ; Off                ;
; Optimization Technique                                                          ; Balanced           ; Balanced           ;
; Carry Chain Length                                                              ; 70                 ; 70                 ;
; Auto Carry Chains                                                               ; On                 ; On                 ;
; Auto Open-Drain Pins                                                            ; On                 ; On                 ;
; Perform WYSIWYG Primitive Resynthesis                                           ; Off                ; Off                ;
; Auto ROM Replacement                                                            ; On                 ; On                 ;
; Auto RAM Replacement                                                            ; On                 ; On                 ;
; Auto DSP Block Replacement                                                      ; On                 ; On                 ;
; Auto Shift Register Replacement                                                 ; Auto               ; Auto               ;
; Allow Shift Register Merging across Hierarchies                                 ; Auto               ; Auto               ;
; Auto Clock Enable Replacement                                                   ; On                 ; On                 ;
; Strict RAM Replacement                                                          ; Off                ; Off                ;
; Allow Synchronous Control Signals                                               ; On                 ; On                 ;
; Force Use of Synchronous Clear Signals                                          ; Off                ; Off                ;
; Auto Resource Sharing                                                           ; Off                ; Off                ;
; Allow Any RAM Size For Recognition                                              ; Off                ; Off                ;
; Allow Any ROM Size For Recognition                                              ; Off                ; Off                ;
; Allow Any Shift Register Size For Recognition                                   ; Off                ; Off                ;
; Use LogicLock Constraints during Resource Balancing                             ; On                 ; On                 ;
; Ignore translate_off and synthesis_off directives                               ; Off                ; Off                ;
; Timing-Driven Synthesis                                                         ; On                 ; On                 ;
; Report Parameter Settings                                                       ; On                 ; On                 ;
; Report Source Assignments                                                       ; On                 ; On                 ;
; Report Connectivity Checks                                                      ; On                 ; On                 ;
; Ignore Maximum Fan-Out Assignments                                              ; Off                ; Off                ;
; Synchronization Register Chain Length                                           ; 3                  ; 3                  ;
; Power Optimization During Synthesis                                             ; Normal compilation ; Normal compilation ;
; HDL message level                                                               ; Level2             ; Level2             ;
; Suppress Register Optimization Related Messages                                 ; Off                ; Off                ;
; Number of Removed Registers Reported in Synthesis Report                        ; 5000               ; 5000               ;
; Number of Swept Nodes Reported in Synthesis Report                              ; 5000               ; 5000               ;
; Number of Inverted Registers Reported in Synthesis Report                       ; 100                ; 100                ;
; Clock MUX Protection                                                            ; On                 ; On                 ;
; Auto Gated Clock Conversion                                                     ; Off                ; Off                ;
; Block Design Naming                                                             ; Auto               ; Auto               ;
; SDC constraint protection                                                       ; Off                ; Off                ;
; Synthesis Effort                                                                ; Auto               ; Auto               ;
; Shift Register Replacement - Allow Asynchronous Clear Signal                    ; On                 ; On                 ;
; Pre-Mapping Resynthesis Optimization                                            ; Off                ; Off                ;
; Analysis & Synthesis Message Level                                              ; Medium             ; Medium             ;
; Disable Register Merging Across Hierarchies                                     ; Auto               ; Auto               ;
; Resource Aware Inference For Block RAM                                          ; On                 ; On                 ;
; Automatic Parallel Synthesis                                                    ; On                 ; On                 ;
; Partial Reconfiguration Bitstream ID                                            ; Off                ; Off                ;
+---------------------------------------------------------------------------------+--------------------+--------------------+


+------------------------------------------+
; Parallel Compilation                     ;
+----------------------------+-------------+
; Processors                 ; Number      ;
+----------------------------+-------------+
; Number detected on machine ; 4           ;
; Maximum allowed            ; 2           ;
;                            ;             ;
; Average used               ; 1.00        ;
; Maximum used               ; 2           ;
;                            ;             ;
; Usage by Processor         ; % Time Used ;
;     Processor 1            ; 100.0%      ;
;     Processor 2            ;   0.0%      ;
+----------------------------+-------------+


+--------------------------------------------------------------------------------------------------------------------------------------------+
; Analysis & Synthesis Source Files Read                                                                                                     ;
+----------------------------------+-----------------+------------------------+----------------------------------------------------+---------+
; File Name with User-Entered Path ; Used in Netlist ; File Type              ; File Name with Absolute Path                       ; Library ;
+----------------------------------+-----------------+------------------------+----------------------------------------------------+---------+
; Button_DB.v                      ; yes             ; User Verilog HDL File  ; C:/QuartusProjects/State Machine Lock/Button_DB.v  ;         ;
; freq_div.v                       ; yes             ; User Verilog HDL File  ; C:/QuartusProjects/State Machine Lock/freq_div.v   ;         ;
; Pin_Verify.v                     ; yes             ; User Verilog HDL File  ; C:/QuartusProjects/State Machine Lock/Pin_Verify.v ;         ;
; seg7.v                           ; yes             ; User Verilog HDL File  ; C:/QuartusProjects/State Machine Lock/seg7.v       ;         ;
; b_test.v                         ; yes             ; User Verilog HDL File  ; C:/QuartusProjects/State Machine Lock/b_test.v     ;         ;
+----------------------------------+-----------------+------------------------+----------------------------------------------------+---------+


+--------------------------------------------------------------+
; Analysis & Synthesis Resource Usage Summary                  ;
+---------------------------------------------+----------------+
; Resource                                    ; Usage          ;
+---------------------------------------------+----------------+
; Estimate of Logic utilization (ALMs needed) ; 389            ;
;                                             ;                ;
; Combinational ALUT usage for logic          ; 583            ;
;     -- 7 input functions                    ; 3              ;
;     -- 6 input functions                    ; 188            ;
;     -- 5 input functions                    ; 42             ;
;     -- 4 input functions                    ; 72             ;
;     -- <=3 input functions                  ; 278            ;
;                                             ;                ;
; Dedicated logic registers                   ; 315            ;
;                                             ;                ;
; I/O pins                                    ; 56             ;
;                                             ;                ;
; Total DSP Blocks                            ; 0              ;
;                                             ;                ;
; Maximum fan-out node                        ; clock_in~input ;
; Maximum fan-out                             ; 295            ;
; Total fan-out                               ; 3278           ;
; Average fan-out                             ; 3.25           ;
+---------------------------------------------+----------------+


+-----------------------------------------------------------------------------------------------------------------------------------------------------------------------------------------------------------------------------------+
; Analysis & Synthesis Resource Utilization by Entity                                                                                                                                                                               ;
+----------------------------+---------------------+---------------------------+-------------------+------------+------+--------------+----------------------------------------------------------------+-------------+--------------+
; Compilation Hierarchy Node ; Combinational ALUTs ; Dedicated Logic Registers ; Block Memory Bits ; DSP Blocks ; Pins ; Virtual Pins ; Full Hierarchy Name                                            ; Entity Name ; Library Name ;
+----------------------------+---------------------+---------------------------+-------------------+------------+------+--------------+----------------------------------------------------------------+-------------+--------------+
; |Pin_Verify                ; 583 (311)           ; 315 (103)                 ; 0                 ; 0          ; 56   ; 0            ; |Pin_Verify                                                    ; Pin_Verify  ; work         ;
;    |b_test:Button_Check|   ; 242 (10)            ; 169 (10)                  ; 0                 ; 0          ; 0    ; 0            ; |Pin_Verify|b_test:Button_Check                                ; b_test      ; work         ;
;       |Button_DB:Button0|  ; 47 (6)              ; 33 (6)                    ; 0                 ; 0          ; 0    ; 0            ; |Pin_Verify|b_test:Button_Check|Button_DB:Button0              ; Button_DB   ; work         ;
;          |freq_div:fd1|    ; 41 (41)             ; 27 (27)                   ; 0                 ; 0          ; 0    ; 0            ; |Pin_Verify|b_test:Button_Check|Button_DB:Button0|freq_div:fd1 ; freq_div    ; work         ;
;       |Button_DB:Button1|  ; 47 (6)              ; 33 (6)                    ; 0                 ; 0          ; 0    ; 0            ; |Pin_Verify|b_test:Button_Check|Button_DB:Button1              ; Button_DB   ; work         ;
;          |freq_div:fd1|    ; 41 (41)             ; 27 (27)                   ; 0                 ; 0          ; 0    ; 0            ; |Pin_Verify|b_test:Button_Check|Button_DB:Button1|freq_div:fd1 ; freq_div    ; work         ;
;       |Button_DB:Button2|  ; 47 (6)              ; 33 (6)                    ; 0                 ; 0          ; 0    ; 0            ; |Pin_Verify|b_test:Button_Check|Button_DB:Button2              ; Button_DB   ; work         ;
;          |freq_div:fd1|    ; 41 (41)             ; 27 (27)                   ; 0                 ; 0          ; 0    ; 0            ; |Pin_Verify|b_test:Button_Check|Button_DB:Button2|freq_div:fd1 ; freq_div    ; work         ;
;       |Button_DB:Button3|  ; 47 (6)              ; 33 (6)                    ; 0                 ; 0          ; 0    ; 0            ; |Pin_Verify|b_test:Button_Check|Button_DB:Button3              ; Button_DB   ; work         ;
;          |freq_div:fd1|    ; 41 (41)             ; 27 (27)                   ; 0                 ; 0          ; 0    ; 0            ; |Pin_Verify|b_test:Button_Check|Button_DB:Button3|freq_div:fd1 ; freq_div    ; work         ;
;       |freq_div:fd1|       ; 44 (44)             ; 27 (27)                   ; 0                 ; 0          ; 0    ; 0            ; |Pin_Verify|b_test:Button_Check|freq_div:fd1                   ; freq_div    ; work         ;
;    |seg7:Segment_Display|  ; 30 (24)             ; 43 (43)                   ; 0                 ; 0          ; 0    ; 0            ; |Pin_Verify|seg7:Segment_Display                               ; seg7        ; work         ;
;       |freq_div:fd1|       ; 6 (6)               ; 0 (0)                     ; 0                 ; 0          ; 0    ; 0            ; |Pin_Verify|seg7:Segment_Display|freq_div:fd1                  ; freq_div    ; work         ;
+----------------------------+---------------------+---------------------------+-------------------+------------+------+--------------+----------------------------------------------------------------+-------------+--------------+
Note: For table entries with two numbers listed, the numbers in parentheses indicate the number of resources of the given type used by the specific entity alone. The numbers listed outside of parentheses indicate the total resources of the given type used by the specific entity and all of its sub-entities in the hierarchy.


Encoding Type:  One-Hot
+-----------------------------------------------------------------------------------------------------------------------+
; State Machine - |Pin_Verify|savestate                                                                                 ;
+-------------------+-------------------+-------------------+-------------------+-------------------+-------------------+
; Name              ; savestate.State_3 ; savestate.State_2 ; savestate.State_1 ; savestate.State_0 ; savestate.State_4 ;
+-------------------+-------------------+-------------------+-------------------+-------------------+-------------------+
; savestate.State_0 ; 0                 ; 0                 ; 0                 ; 0                 ; 0                 ;
; savestate.State_1 ; 0                 ; 0                 ; 1                 ; 1                 ; 0                 ;
; savestate.State_2 ; 0                 ; 1                 ; 0                 ; 1                 ; 0                 ;
; savestate.State_3 ; 1                 ; 0                 ; 0                 ; 1                 ; 0                 ;
; savestate.State_4 ; 0                 ; 0                 ; 0                 ; 1                 ; 1                 ;
+-------------------+-------------------+-------------------+-------------------+-------------------+-------------------+


Encoding Type:  One-Hot
+-----------------------------------------------------------------------------------------------+
; State Machine - |Pin_Verify|state                                                             ;
+---------------+---------------+---------------+---------------+---------------+---------------+
; Name          ; state.State_3 ; state.State_2 ; state.State_1 ; state.State_0 ; state.State_4 ;
+---------------+---------------+---------------+---------------+---------------+---------------+
; state.State_0 ; 0             ; 0             ; 0             ; 0             ; 0             ;
; state.State_1 ; 0             ; 0             ; 1             ; 1             ; 0             ;
; state.State_2 ; 0             ; 1             ; 0             ; 1             ; 0             ;
; state.State_3 ; 1             ; 0             ; 0             ; 1             ; 0             ;
; state.State_4 ; 0             ; 0             ; 0             ; 1             ; 1             ;
+---------------+---------------+---------------+---------------+---------------+---------------+


+----------------------------------------------------------------------------------------------------------------+
; Registers Removed During Synthesis                                                                             ;
+--------------------------------------------------+-------------------------------------------------------------+
; Register name                                    ; Reason for Removal                                          ;
+--------------------------------------------------+-------------------------------------------------------------+
; PIN[2][2]                                        ; Merged with PIN[0][0]                                       ;
; PIN[4][2]                                        ; Merged with PIN[0][0]                                       ;
; PIN[3][3]                                        ; Merged with PIN[0][0]                                       ;
; PIN[1][1]                                        ; Merged with PIN[0][0]                                       ;
; PIN[5][3]                                        ; Merged with PIN[0][0]                                       ;
; PIN[1][2]                                        ; Merged with PIN[0][1]                                       ;
; PIN[3][1]                                        ; Merged with PIN[0][1]                                       ;
; PIN[2][1]                                        ; Merged with PIN[0][1]                                       ;
; PIN[5][2]                                        ; Merged with PIN[0][1]                                       ;
; PIN[4][1]                                        ; Merged with PIN[0][1]                                       ;
; PIN[3][2]                                        ; Merged with PIN[0][1]                                       ;
; PIN[1][0]                                        ; Merged with PIN[0][1]                                       ;
; PIN[4][3]                                        ; Merged with PIN[0][1]                                       ;
; PIN[2][0]                                        ; Merged with PIN[0][1]                                       ;
; PIN[0][3]                                        ; Merged with PIN[0][1]                                       ;
; PIN[5][1]                                        ; Merged with PIN[0][1]                                       ;
; PIN[5][0]                                        ; Merged with PIN[0][1]                                       ;
; PIN[2][3]                                        ; Merged with PIN[0][1]                                       ;
; PIN[3][0]                                        ; Merged with PIN[0][1]                                       ;
; PIN[0][2]                                        ; Merged with PIN[0][1]                                       ;
; PIN[4][0]                                        ; Merged with PIN[0][1]                                       ;
; PIN[1][3]                                        ; Merged with PIN[0][1]                                       ;
; seg7:Segment_Display|segm_disp0[5]               ; Merged with seg7:Segment_Display|segm_disp0[0]              ;
; seg7:Segment_Display|segm_disp0[2]               ; Merged with seg7:Segment_Display|segm_disp0[1]              ;
; seg7:Segment_Display|segm_disp0[4]               ; Merged with seg7:Segment_Display|segm_disp0[3]              ;
; seg7:Segment_Display|freq_div:fd1|counter[26]    ; Merged with b_test:Button_Check|freq_div:fd1|counter[26]    ;
; seg7:Segment_Display|freq_div:fd1|counter[25]    ; Merged with b_test:Button_Check|freq_div:fd1|counter[25]    ;
; seg7:Segment_Display|freq_div:fd1|counter[24]    ; Merged with b_test:Button_Check|freq_div:fd1|counter[24]    ;
; seg7:Segment_Display|freq_div:fd1|counter[23]    ; Merged with b_test:Button_Check|freq_div:fd1|counter[23]    ;
; seg7:Segment_Display|freq_div:fd1|counter[22]    ; Merged with b_test:Button_Check|freq_div:fd1|counter[22]    ;
; seg7:Segment_Display|freq_div:fd1|counter[21]    ; Merged with b_test:Button_Check|freq_div:fd1|counter[21]    ;
; seg7:Segment_Display|freq_div:fd1|counter[20]    ; Merged with b_test:Button_Check|freq_div:fd1|counter[20]    ;
; seg7:Segment_Display|freq_div:fd1|counter[19]    ; Merged with b_test:Button_Check|freq_div:fd1|counter[19]    ;
; seg7:Segment_Display|freq_div:fd1|counter[18]    ; Merged with b_test:Button_Check|freq_div:fd1|counter[18]    ;
; seg7:Segment_Display|freq_div:fd1|counter[17]    ; Merged with b_test:Button_Check|freq_div:fd1|counter[17]    ;
; seg7:Segment_Display|freq_div:fd1|counter[16]    ; Merged with b_test:Button_Check|freq_div:fd1|counter[16]    ;
; seg7:Segment_Display|freq_div:fd1|counter[15]    ; Merged with b_test:Button_Check|freq_div:fd1|counter[15]    ;
; seg7:Segment_Display|freq_div:fd1|counter[14]    ; Merged with b_test:Button_Check|freq_div:fd1|counter[14]    ;
; seg7:Segment_Display|freq_div:fd1|counter[13]    ; Merged with b_test:Button_Check|freq_div:fd1|counter[13]    ;
; seg7:Segment_Display|freq_div:fd1|counter[12]    ; Merged with b_test:Button_Check|freq_div:fd1|counter[12]    ;
; seg7:Segment_Display|freq_div:fd1|counter[11]    ; Merged with b_test:Button_Check|freq_div:fd1|counter[11]    ;
; seg7:Segment_Display|freq_div:fd1|counter[10]    ; Merged with b_test:Button_Check|freq_div:fd1|counter[10]    ;
; seg7:Segment_Display|freq_div:fd1|counter[9]     ; Merged with b_test:Button_Check|freq_div:fd1|counter[9]     ;
; seg7:Segment_Display|freq_div:fd1|counter[8]     ; Merged with b_test:Button_Check|freq_div:fd1|counter[8]     ;
; seg7:Segment_Display|freq_div:fd1|counter[7]     ; Merged with b_test:Button_Check|freq_div:fd1|counter[7]     ;
; seg7:Segment_Display|freq_div:fd1|counter[6]     ; Merged with b_test:Button_Check|freq_div:fd1|counter[6]     ;
; seg7:Segment_Display|freq_div:fd1|counter[5]     ; Merged with b_test:Button_Check|freq_div:fd1|counter[5]     ;
; seg7:Segment_Display|freq_div:fd1|counter[4]     ; Merged with b_test:Button_Check|freq_div:fd1|counter[4]     ;
; seg7:Segment_Display|freq_div:fd1|counter[3]     ; Merged with b_test:Button_Check|freq_div:fd1|counter[3]     ;
; seg7:Segment_Display|freq_div:fd1|counter[2]     ; Merged with b_test:Button_Check|freq_div:fd1|counter[2]     ;
; seg7:Segment_Display|freq_div:fd1|counter[1]     ; Merged with b_test:Button_Check|freq_div:fd1|counter[1]     ;
; seg7:Segment_Display|freq_div:fd1|counter[0]     ; Merged with b_test:Button_Check|freq_div:fd1|counter[0]     ;
; b_test:Button_Check|Button_DB:Button0|Button_out ; Merged with b_test:Button_Check|Button_DB:Button0|Button_db ;
; b_test:Button_Check|Button_DB:Button3|Button_out ; Merged with b_test:Button_Check|Button_DB:Button3|Button_db ;
; b_test:Button_Check|Button_DB:Button1|Button_out ; Merged with b_test:Button_Check|Button_DB:Button1|Button_db ;
; b_test:Button_Check|Button_DB:Button2|Button_out ; Merged with b_test:Button_Check|Button_DB:Button2|Button_db ;
; redled[6]                                        ; Stuck at GND due to stuck port data_in                      ;
; PIN[0][0]                                        ; Stuck at VCC due to stuck port data_in                      ;
; PIN[0][1]                                        ; Stuck at GND due to stuck port data_in                      ;
; seg7:Segment_Display|seg7_state[2]               ; Stuck at GND due to stuck port data_in                      ;
; redled[5]                                        ; Stuck at VCC due to stuck port data_in                      ;
; b_test:Button_Check|timeout[3]                   ; Stuck at GND due to stuck port data_in                      ;
; seg7:Segment_Display|segm_disp5[0,5]             ; Stuck at VCC due to stuck port data_in                      ;
; seg7:Segment_Display|segm_disp4[1,2]             ; Stuck at VCC due to stuck port data_in                      ;
; seg7:Segment_Display|segm_disp1[2]               ; Stuck at VCC due to stuck port data_in                      ;
; savestate~7                                      ; Lost fanout                                                 ;
; savestate~8                                      ; Lost fanout                                                 ;
; state~7                                          ; Lost fanout                                                 ;
; state~8                                          ; Lost fanout                                                 ;
; savestate.State_4                                ; Stuck at GND due to stuck port data_in                      ;
; Total Number of Removed Registers = 72           ;                                                             ;
+--------------------------------------------------+-------------------------------------------------------------+


+------------------------------------------------------------------------------------------------------------------------------------------+
; Removed Registers Triggering Further Register Optimizations                                                                              ;
+------------------------------------+---------------------------+-------------------------------------------------------------------------+
; Register name                      ; Reason for Removal        ; Registers Removed due to This Register                                  ;
+------------------------------------+---------------------------+-------------------------------------------------------------------------+
; seg7:Segment_Display|seg7_state[2] ; Stuck at GND              ; seg7:Segment_Display|segm_disp5[0], seg7:Segment_Display|segm_disp5[5], ;
;                                    ; due to stuck port data_in ; seg7:Segment_Display|segm_disp4[1], seg7:Segment_Display|segm_disp4[2], ;
;                                    ;                           ; seg7:Segment_Display|segm_disp1[2]                                      ;
+------------------------------------+---------------------------+-------------------------------------------------------------------------+


+------------------------------------------------------+
; General Register Statistics                          ;
+----------------------------------------------+-------+
; Statistic                                    ; Value ;
+----------------------------------------------+-------+
; Total registers                              ; 315   ;
; Number of registers using Synchronous Clear  ; 99    ;
; Number of registers using Synchronous Load   ; 72    ;
; Number of registers using Asynchronous Clear ; 0     ;
; Number of registers using Asynchronous Load  ; 0     ;
; Number of registers using Clock Enable       ; 16    ;
; Number of registers using Preset             ; 0     ;
+----------------------------------------------+-------+


+-------------------------------------------------------------------------+
; Inverted Register Statistics                                            ;
+---------------------------------------------------------------+---------+
; Inverted Register                                             ; Fan out ;
+---------------------------------------------------------------+---------+
; reset                                                         ; 90      ;
; b_test:Button_Check|freq_div:fd1|counter[26]                  ; 8       ;
; b_test:Button_Check|freq_div:fd1|counter[24]                  ; 4       ;
; b_test:Button_Check|freq_div:fd1|counter[18]                  ; 4       ;
; b_test:Button_Check|freq_div:fd1|counter[20]                  ; 3       ;
; b_test:Button_Check|freq_div:fd1|counter[21]                  ; 3       ;
; b_test:Button_Check|freq_div:fd1|counter[22]                  ; 3       ;
; b_test:Button_Check|freq_div:fd1|counter[23]                  ; 3       ;
; b_test:Button_Check|freq_div:fd1|counter[16]                  ; 3       ;
; b_test:Button_Check|freq_div:fd1|counter[8]                   ; 2       ;
; b_test:Button_Check|freq_div:fd1|counter[13]                  ; 3       ;
; b_test:Button_Check|freq_div:fd1|counter[14]                  ; 3       ;
; b_test:Button_Check|freq_div:fd1|counter[15]                  ; 3       ;
; b_test:Button_Check|Button_DB:Button1|freq_div:fd1|counter[2] ; 2       ;
; b_test:Button_Check|Button_DB:Button1|freq_div:fd1|counter[7] ; 3       ;
; b_test:Button_Check|Button_DB:Button1|freq_div:fd1|counter[6] ; 3       ;
; b_test:Button_Check|Button_DB:Button1|freq_div:fd1|counter[5] ; 3       ;
; b_test:Button_Check|Button_DB:Button1|freq_div:fd1|counter[4] ; 3       ;
; b_test:Button_Check|Button_DB:Button1|freq_div:fd1|counter[8] ; 2       ;
; b_test:Button_Check|Button_DB:Button3|freq_div:fd1|counter[2] ; 2       ;
; b_test:Button_Check|Button_DB:Button3|freq_div:fd1|counter[7] ; 3       ;
; b_test:Button_Check|Button_DB:Button3|freq_div:fd1|counter[6] ; 3       ;
; b_test:Button_Check|Button_DB:Button3|freq_div:fd1|counter[5] ; 3       ;
; b_test:Button_Check|Button_DB:Button3|freq_div:fd1|counter[4] ; 3       ;
; b_test:Button_Check|Button_DB:Button3|freq_div:fd1|counter[8] ; 2       ;
; b_test:Button_Check|Button_DB:Button0|freq_div:fd1|counter[2] ; 2       ;
; b_test:Button_Check|Button_DB:Button0|freq_div:fd1|counter[7] ; 3       ;
; b_test:Button_Check|Button_DB:Button0|freq_div:fd1|counter[6] ; 3       ;
; b_test:Button_Check|Button_DB:Button0|freq_div:fd1|counter[5] ; 3       ;
; b_test:Button_Check|Button_DB:Button0|freq_div:fd1|counter[4] ; 3       ;
; b_test:Button_Check|Button_DB:Button0|freq_div:fd1|counter[8] ; 2       ;
; b_test:Button_Check|Button_DB:Button2|freq_div:fd1|counter[2] ; 2       ;
; b_test:Button_Check|Button_DB:Button2|freq_div:fd1|counter[7] ; 3       ;
; b_test:Button_Check|Button_DB:Button2|freq_div:fd1|counter[6] ; 3       ;
; b_test:Button_Check|Button_DB:Button2|freq_div:fd1|counter[5] ; 3       ;
; b_test:Button_Check|Button_DB:Button2|freq_div:fd1|counter[4] ; 3       ;
; b_test:Button_Check|Button_DB:Button2|freq_div:fd1|counter[8] ; 2       ;
; Total number of inverted registers = 37                       ;         ;
+---------------------------------------------------------------+---------+


+----------------------------------------------------------------------------------------------------------------------------------------------------------------------------+
; Multiplexer Restructuring Statistics (Restructuring Performed)                                                                                                             ;
+--------------------+-----------+---------------+----------------------+------------------------+------------+--------------------------------------------------------------+
; Multiplexer Inputs ; Bus Width ; Baseline Area ; Area if Restructured ; Saving if Restructured ; Registered ; Example Multiplexer Output                                   ;
+--------------------+-----------+---------------+----------------------+------------------------+------------+--------------------------------------------------------------+
; 3:1                ; 5 bits    ; 10 LEs        ; 10 LEs               ; 0 LEs                  ; Yes        ; |Pin_Verify|b_test:Button_Check|Button_DB:Button0|counter[3] ;
; 3:1                ; 5 bits    ; 10 LEs        ; 10 LEs               ; 0 LEs                  ; Yes        ; |Pin_Verify|b_test:Button_Check|Button_DB:Button1|counter[0] ;
; 3:1                ; 5 bits    ; 10 LEs        ; 10 LEs               ; 0 LEs                  ; Yes        ; |Pin_Verify|b_test:Button_Check|Button_DB:Button2|counter[3] ;
; 3:1                ; 5 bits    ; 10 LEs        ; 10 LEs               ; 0 LEs                  ; Yes        ; |Pin_Verify|b_test:Button_Check|Button_DB:Button3|counter[1] ;
; 4:1                ; 5 bits    ; 10 LEs        ; 10 LEs               ; 0 LEs                  ; Yes        ; |Pin_Verify|seg7:Segment_Display|e_count[4]                  ;
; 5:1                ; 4 bits    ; 12 LEs        ; 8 LEs                ; 4 LEs                  ; Yes        ; |Pin_Verify|entry_number[2]                                  ;
; 5:1                ; 2 bits    ; 6 LEs         ; 4 LEs                ; 2 LEs                  ; Yes        ; |Pin_Verify|PIN_FALSE~reg0                                   ;
; 7:1                ; 6 bits    ; 24 LEs        ; 24 LEs               ; 0 LEs                  ; Yes        ; |Pin_Verify|redled[5]                                        ;
; 3:1                ; 4 bits    ; 8 LEs         ; 4 LEs                ; 4 LEs                  ; No         ; |Pin_Verify|b_test:Button_Check|timeout                      ;
; 5:1                ; 5 bits    ; 15 LEs        ; 10 LEs               ; 5 LEs                  ; No         ; |Pin_Verify|Selector18                                       ;
; 10:1               ; 3 bits    ; 18 LEs        ; 12 LEs               ; 6 LEs                  ; No         ; |Pin_Verify|Selector11                                       ;
; 12:1               ; 2 bits    ; 16 LEs        ; 10 LEs               ; 6 LEs                  ; No         ; |Pin_Verify|Selector7                                        ;
+--------------------+-----------+---------------+----------------------+------------------------+------------+--------------------------------------------------------------+


+-------------------------------------------------------------------------------+
; Parameter Settings for User Entity Instance: b_test:Button_Check|freq_div:fd1 ;
+----------------+-------+------------------------------------------------------+
; Parameter Name ; Value ; Type                                                 ;
+----------------+-------+------------------------------------------------------+
; FREQUENCY      ; 1     ; Signed Integer                                       ;
+----------------+-------+------------------------------------------------------+
Note: In order to hide this table in the UI and the text report file, please set the "Show Parameter Settings in Synthesis Report" option in "Analysis and Synthesis Settings -> More Settings" to "Off".


+-------------------------------------------------------------------------------------------------+
; Parameter Settings for User Entity Instance: b_test:Button_Check|Button_DB:Button0|freq_div:fd1 ;
+----------------+--------+-----------------------------------------------------------------------+
; Parameter Name ; Value  ; Type                                                                  ;
+----------------+--------+-----------------------------------------------------------------------+
; FREQUENCY      ; 200000 ; Signed Integer                                                        ;
+----------------+--------+-----------------------------------------------------------------------+
Note: In order to hide this table in the UI and the text report file, please set the "Show Parameter Settings in Synthesis Report" option in "Analysis and Synthesis Settings -> More Settings" to "Off".


+-------------------------------------------------------------------------------------------------+
; Parameter Settings for User Entity Instance: b_test:Button_Check|Button_DB:Button1|freq_div:fd1 ;
+----------------+--------+-----------------------------------------------------------------------+
; Parameter Name ; Value  ; Type                                                                  ;
+----------------+--------+-----------------------------------------------------------------------+
; FREQUENCY      ; 200000 ; Signed Integer                                                        ;
+----------------+--------+-----------------------------------------------------------------------+
Note: In order to hide this table in the UI and the text report file, please set the "Show Parameter Settings in Synthesis Report" option in "Analysis and Synthesis Settings -> More Settings" to "Off".


+-------------------------------------------------------------------------------------------------+
; Parameter Settings for User Entity Instance: b_test:Button_Check|Button_DB:Button2|freq_div:fd1 ;
+----------------+--------+-----------------------------------------------------------------------+
; Parameter Name ; Value  ; Type                                                                  ;
+----------------+--------+-----------------------------------------------------------------------+
; FREQUENCY      ; 200000 ; Signed Integer                                                        ;
+----------------+--------+-----------------------------------------------------------------------+
Note: In order to hide this table in the UI and the text report file, please set the "Show Parameter Settings in Synthesis Report" option in "Analysis and Synthesis Settings -> More Settings" to "Off".


+-------------------------------------------------------------------------------------------------+
; Parameter Settings for User Entity Instance: b_test:Button_Check|Button_DB:Button3|freq_div:fd1 ;
+----------------+--------+-----------------------------------------------------------------------+
; Parameter Name ; Value  ; Type                                                                  ;
+----------------+--------+-----------------------------------------------------------------------+
; FREQUENCY      ; 200000 ; Signed Integer                                                        ;
+----------------+--------+-----------------------------------------------------------------------+
Note: In order to hide this table in the UI and the text report file, please set the "Show Parameter Settings in Synthesis Report" option in "Analysis and Synthesis Settings -> More Settings" to "Off".


+--------------------------------------------------------------------------------+
; Parameter Settings for User Entity Instance: seg7:Segment_Display|freq_div:fd1 ;
+----------------+-------+-------------------------------------------------------+
; Parameter Name ; Value ; Type                                                  ;
+----------------+-------+-------------------------------------------------------+
; FREQUENCY      ; 1     ; Signed Integer                                        ;
+----------------+-------+-------------------------------------------------------+
Note: In order to hide this table in the UI and the text report file, please set the "Show Parameter Settings in Synthesis Report" option in "Analysis and Synthesis Settings -> More Settings" to "Off".


+---------------------------------------------------+
; Port Connectivity Checks: "seg7:Segment_Display"  ;
+-----------------+-------+----------+--------------+
; Port            ; Type  ; Severity ; Details      ;
+-----------------+-------+----------+--------------+
; in_seg[2..1]    ; Input ; Info     ; Stuck at GND ;
; count_in[16..5] ; Input ; Info     ; Stuck at GND ;
+-----------------+-------+----------+--------------+


+-----------------------------------------------------+
; Post-Synthesis Netlist Statistics for Top Partition ;
+-----------------------+-----------------------------+
; Type                  ; Count                       ;
+-----------------------+-----------------------------+
; arriav_ff             ; 315                         ;
;     ENA               ; 16                          ;
;     SCLR              ; 99                          ;
;     SLD               ; 72                          ;
;     plain             ; 128                         ;
; arriav_lcell_comb     ; 585                         ;
;     arith             ; 135                         ;
;         1 data inputs ; 135                         ;
;     extend            ; 3                           ;
;         7 data inputs ; 3                           ;
;     normal            ; 447                         ;
;         0 data inputs ; 2                           ;
;         2 data inputs ; 51                          ;
;         3 data inputs ; 92                          ;
;         4 data inputs ; 72                          ;
;         5 data inputs ; 42                          ;
;         6 data inputs ; 188                         ;
; boundary_port         ; 56                          ;
;                       ;                             ;
; Max LUT depth         ; 7.00                        ;
; Average LUT depth     ; 4.05                        ;
+-----------------------+-----------------------------+


+-------------------------------+
; Elapsed Time Per Partition    ;
+----------------+--------------+
; Partition Name ; Elapsed Time ;
+----------------+--------------+
; Top            ; 00:00:03     ;
+----------------+--------------+


+-------------------------------+
; Analysis & Synthesis Messages ;
+-------------------------------+
Info: *******************************************************************
Info: Running Quartus Prime Analysis & Synthesis
    Info: Version 17.1.0 Build 590 10/25/2017 SJ Lite Edition
    Info: Processing started: Wed May 27 10:34:19 2020
Info: Command: quartus_map --read_settings_files=on --write_settings_files=off SMLock -c SMLock
Warning (18236): Number of processors has not been specified which may cause overloading on shared machines.  Set the global assignment NUM_PARALLEL_PROCESSORS in your QSF to an appropriate value for best performance.
Info (20030): Parallel compilation is enabled and will use 2 of the 2 processors detected
Info (12021): Found 1 design units, including 1 entities, in source file button_db.v
    Info (12023): Found entity 1: Button_DB File: C:/QuartusProjects/State Machine Lock/Button_DB.v Line: 26
Info (12021): Found 1 design units, including 1 entities, in source file freq_div.v
    Info (12023): Found entity 1: freq_div File: C:/QuartusProjects/State Machine Lock/freq_div.v Line: 10
Info (12021): Found 1 design units, including 1 entities, in source file freq_div_tb.v
    Info (12023): Found entity 1: freq_div_tb File: C:/QuartusProjects/State Machine Lock/freq_div_tb.v Line: 3
Info (12021): Found 1 design units, including 1 entities, in source file button_db_tb.v
    Info (12023): Found entity 1: Button_DB_tb File: C:/QuartusProjects/State Machine Lock/Button_DB_tb.v Line: 3
Info (12021): Found 1 design units, including 1 entities, in source file pin_verify.v
    Info (12023): Found entity 1: Pin_Verify File: C:/QuartusProjects/State Machine Lock/Pin_Verify.v Line: 9
Info (12021): Found 1 design units, including 1 entities, in source file pin_verify_tb.v
    Info (12023): Found entity 1: Pin_Verify_tb File: C:/QuartusProjects/State Machine Lock/Pin_Verify_tb.v Line: 11
Info (12021): Found 1 design units, including 1 entities, in source file seg7.v
    Info (12023): Found entity 1: seg7 File: C:/QuartusProjects/State Machine Lock/seg7.v Line: 10
Info (12021): Found 1 design units, including 1 entities, in source file seg7_tb.v
    Info (12023): Found entity 1: seg7_tb File: C:/QuartusProjects/State Machine Lock/seg7_tb.v Line: 3
Info (12021): Found 1 design units, including 1 entities, in source file b_test.v
    Info (12023): Found entity 1: b_test File: C:/QuartusProjects/State Machine Lock/b_test.v Line: 9
Info (12021): Found 1 design units, including 1 entities, in source file b_test_tb.v
    Info (12023): Found entity 1: b_test_tb File: C:/QuartusProjects/State Machine Lock/b_test_tb.v Line: 3
Warning (10236): Verilog HDL Implicit Net warning at b_test.v(30): created implicit net for "Button_in0" File: C:/QuartusProjects/State Machine Lock/b_test.v Line: 30
Warning (10236): Verilog HDL Implicit Net warning at b_test.v(31): created implicit net for "Button_in1" File: C:/QuartusProjects/State Machine Lock/b_test.v Line: 31
Warning (10236): Verilog HDL Implicit Net warning at b_test.v(32): created implicit net for "Button_in2" File: C:/QuartusProjects/State Machine Lock/b_test.v Line: 32
Warning (10236): Verilog HDL Implicit Net warning at b_test.v(33): created implicit net for "Button_in3" File: C:/QuartusProjects/State Machine Lock/b_test.v Line: 33
Info (12127): Elaborating entity "Pin_Verify" for the top level hierarchy
Warning (10230): Verilog HDL assignment warning at Pin_Verify.v(51): truncated value with size 3 to match size of target (1) File: C:/QuartusProjects/State Machine Lock/Pin_Verify.v Line: 51
Warning (10230): Verilog HDL assignment warning at Pin_Verify.v(53): truncated value with size 8 to match size of target (7) File: C:/QuartusProjects/State Machine Lock/Pin_Verify.v Line: 53
Warning (10230): Verilog HDL assignment warning at Pin_Verify.v(112): truncated value with size 32 to match size of target (5) File: C:/QuartusProjects/State Machine Lock/Pin_Verify.v Line: 112
Warning (10230): Verilog HDL assignment warning at Pin_Verify.v(146): truncated value with size 3 to match size of target (1) File: C:/QuartusProjects/State Machine Lock/Pin_Verify.v Line: 146
Warning (10230): Verilog HDL assignment warning at Pin_Verify.v(154): truncated value with size 32 to match size of target (5) File: C:/QuartusProjects/State Machine Lock/Pin_Verify.v Line: 154
Warning (10230): Verilog HDL assignment warning at Pin_Verify.v(198): truncated value with size 3 to match size of target (1) File: C:/QuartusProjects/State Machine Lock/Pin_Verify.v Line: 198
Warning (10230): Verilog HDL assignment warning at Pin_Verify.v(210): truncated value with size 3 to match size of target (1) File: C:/QuartusProjects/State Machine Lock/Pin_Verify.v Line: 210
Warning (10230): Verilog HDL assignment warning at Pin_Verify.v(223): truncated value with size 3 to match size of target (1) File: C:/QuartusProjects/State Machine Lock/Pin_Verify.v Line: 223
Warning (10230): Verilog HDL assignment warning at Pin_Verify.v(229): truncated value with size 32 to match size of target (5) File: C:/QuartusProjects/State Machine Lock/Pin_Verify.v Line: 229
Warning (10230): Verilog HDL assignment warning at Pin_Verify.v(286): truncated value with size 3 to match size of target (1) File: C:/QuartusProjects/State Machine Lock/Pin_Verify.v Line: 286
Info (12128): Elaborating entity "b_test" for hierarchy "b_test:Button_Check" File: C:/QuartusProjects/State Machine Lock/Pin_Verify.v Line: 312
Warning (10230): Verilog HDL assignment warning at b_test.v(81): truncated value with size 32 to match size of target (4) File: C:/QuartusProjects/State Machine Lock/b_test.v Line: 81
Info (12128): Elaborating entity "freq_div" for hierarchy "b_test:Button_Check|freq_div:fd1" File: C:/QuartusProjects/State Machine Lock/b_test.v Line: 106
Warning (10036): Verilog HDL or VHDL warning at freq_div.v(21): object "FREQ_LIMIT" assigned a value but never read File: C:/QuartusProjects/State Machine Lock/freq_div.v Line: 21
Warning (10036): Verilog HDL or VHDL warning at freq_div.v(22): object "count_out" assigned a value but never read File: C:/QuartusProjects/State Machine Lock/freq_div.v Line: 22
Warning (10230): Verilog HDL assignment warning at freq_div.v(20): truncated value with size 32 to match size of target (27) File: C:/QuartusProjects/State Machine Lock/freq_div.v Line: 20
Warning (10230): Verilog HDL assignment warning at freq_div.v(21): truncated value with size 32 to match size of target (27) File: C:/QuartusProjects/State Machine Lock/freq_div.v Line: 21
Warning (10230): Verilog HDL assignment warning at freq_div.v(26): truncated value with size 32 to match size of target (27) File: C:/QuartusProjects/State Machine Lock/freq_div.v Line: 26
Warning (10230): Verilog HDL assignment warning at freq_div.v(28): truncated value with size 32 to match size of target (27) File: C:/QuartusProjects/State Machine Lock/freq_div.v Line: 28
Warning (10230): Verilog HDL assignment warning at freq_div.v(31): truncated value with size 32 to match size of target (1) File: C:/QuartusProjects/State Machine Lock/freq_div.v Line: 31
Warning (10230): Verilog HDL assignment warning at freq_div.v(32): truncated value with size 27 to match size of target (1) File: C:/QuartusProjects/State Machine Lock/freq_div.v Line: 32
Info (12128): Elaborating entity "Button_DB" for hierarchy "b_test:Button_Check|Button_DB:Button0" File: C:/QuartusProjects/State Machine Lock/b_test.v Line: 114
Warning (10230): Verilog HDL assignment warning at Button_DB.v(77): truncated value with size 32 to match size of target (5) File: C:/QuartusProjects/State Machine Lock/Button_DB.v Line: 77
Warning (10230): Verilog HDL assignment warning at Button_DB.v(83): truncated value with size 32 to match size of target (5) File: C:/QuartusProjects/State Machine Lock/Button_DB.v Line: 83
Info (12128): Elaborating entity "freq_div" for hierarchy "b_test:Button_Check|Button_DB:Button0|freq_div:fd1" File: C:/QuartusProjects/State Machine Lock/Button_DB.v Line: 48
Warning (10036): Verilog HDL or VHDL warning at freq_div.v(21): object "FREQ_LIMIT" assigned a value but never read File: C:/QuartusProjects/State Machine Lock/freq_div.v Line: 21
Warning (10036): Verilog HDL or VHDL warning at freq_div.v(22): object "count_out" assigned a value but never read File: C:/QuartusProjects/State Machine Lock/freq_div.v Line: 22
Warning (10230): Verilog HDL assignment warning at freq_div.v(20): truncated value with size 32 to match size of target (27) File: C:/QuartusProjects/State Machine Lock/freq_div.v Line: 20
Warning (10230): Verilog HDL assignment warning at freq_div.v(21): truncated value with size 32 to match size of target (27) File: C:/QuartusProjects/State Machine Lock/freq_div.v Line: 21
Warning (10230): Verilog HDL assignment warning at freq_div.v(26): truncated value with size 32 to match size of target (27) File: C:/QuartusProjects/State Machine Lock/freq_div.v Line: 26
Warning (10230): Verilog HDL assignment warning at freq_div.v(28): truncated value with size 32 to match size of target (27) File: C:/QuartusProjects/State Machine Lock/freq_div.v Line: 28
Warning (10230): Verilog HDL assignment warning at freq_div.v(31): truncated value with size 32 to match size of target (1) File: C:/QuartusProjects/State Machine Lock/freq_div.v Line: 31
Warning (10230): Verilog HDL assignment warning at freq_div.v(32): truncated value with size 27 to match size of target (1) File: C:/QuartusProjects/State Machine Lock/freq_div.v Line: 32
Info (12128): Elaborating entity "seg7" for hierarchy "seg7:Segment_Display" File: C:/QuartusProjects/State Machine Lock/Pin_Verify.v Line: 326
Warning (10230): Verilog HDL assignment warning at seg7.v(67): truncated value with size 32 to match size of target (5) File: C:/QuartusProjects/State Machine Lock/seg7.v Line: 67
Warning (13024): Output pins are stuck at VCC or GND
    Warning (13410): Pin "seg0[0]" is stuck at VCC File: C:/QuartusProjects/State Machine Lock/Pin_Verify.v Line: 18
    Warning (13410): Pin "seg0[5]" is stuck at VCC File: C:/QuartusProjects/State Machine Lock/Pin_Verify.v Line: 18
    Warning (13410): Pin "seg1[1]" is stuck at VCC File: C:/QuartusProjects/State Machine Lock/Pin_Verify.v Line: 19
    Warning (13410): Pin "seg1[2]" is stuck at VCC File: C:/QuartusProjects/State Machine Lock/Pin_Verify.v Line: 19
    Warning (13410): Pin "seg4[2]" is stuck at VCC File: C:/QuartusProjects/State Machine Lock/Pin_Verify.v Line: 22
    Warning (13410): Pin "redled_out[5]" is stuck at VCC File: C:/QuartusProjects/State Machine Lock/Pin_Verify.v Line: 25
    Warning (13410): Pin "redled_out[6]" is stuck at GND File: C:/QuartusProjects/State Machine Lock/Pin_Verify.v Line: 25
Info (286030): Timing-Driven Synthesis is running
Info (17049): 4 registers lost all their fanouts during netlist optimizations.
Info (16010): Generating hard_block partition "hard_block:auto_generated_inst"
    Info (16011): Adding 0 node(s), including 0 DDIO, 0 PLL, 0 transceiver and 0 LCELL
Info (21057): Implemented 718 device resources after synthesis - the final resource count might be different
    Info (21058): Implemented 5 input pins
    Info (21059): Implemented 51 output pins
    Info (21061): Implemented 662 logic cells
Info: Quartus Prime Analysis & Synthesis was successful. 0 errors, 43 warnings
    Info: Peak virtual memory: 4830 megabytes
    Info: Processing ended: Wed May 27 10:35:10 2020
    Info: Elapsed time: 00:00:51
    Info: Total CPU time (on all processors): 00:00:52


